<?xml version="1.0" encoding="UTF-8"?>
<!-- Generated by org.testng.reporters.JUnitReportReporter -->
<testsuite hostname="Aarons-MacBook-Air.local" failures="0" tests="1" name="FrontGateTickets.Testa" time="38.006" errors="0" timestamp="2021-06-04T14:48:31 CDT" skipped="0">
  <testcase classname="FrontGateTickets.Testa" name="S" time="38.006"/>
  <system-out/>
</testsuite> <!-- FrontGateTickets.Testa -->
